************INITIALIZING************
Opening directory: C:\Users\juanm\Dropbox\School\University of Central Florida\Clubs & Labs\TRG\Driving\Tone Monitoring Task\ToneMonitoringScorer

Reading directory file [1]: build
	File skipped: file is not a .csv.


Reading directory file [2]: build.xml
	File skipped: file is not a .csv.


Reading directory file [3]: dist
	File skipped: file is not a .csv.


Reading directory file [4]: log.log
	File skipped: file is not a .csv.


Reading directory file [5]: nbproject
	File skipped: file is not a .csv.


Reading directory file [6]: psymrt_3005_20180122_2017.csv
	Found a .csv file!
		[Hits: 0] [Misses: 6] [Correct Rejections: 76] [False Alarms: 17]
		[Sensitivity: 0.07692307692307693] [FalseErrorRate: 0.1827956989247312]
		[Accuracy: 0.7676767676767676] [d': 3.866769062778773] [RT: 1071.2727272727273]
	Success! [98 ms]


Reading directory file [7]: psymrt_3005_distr_20180122_2032.csv
	Found a .csv file!
	Error: File was corrupted at line 34.


Reading directory file [8]: psymrt_3006_20180122_1843.csv
	Found a .csv file!
		[Hits: 1] [Misses: 8] [Correct Rejections: 78] [False Alarms: 12]
		[Sensitivity: 0.1111111111111111] [FalseErrorRate: 0.13333333333333333]
		[Accuracy: 0.797979797979798] [d': 6.520555002380323] [RT: 1509.2631578947369]
	Success! [7 ms]


Reading directory file [9]: psymrt_3006_distr_usethisone_20180122_1904.csv
	Found a .csv file!
	Error: File was corrupted at line 38.


Reading directory file [10]: src
	File skipped: file is not a .csv.


Reading directory file [11]: test
	File skipped: file is not a .csv.


Reading directory file [12]: [log] 2018-02-19 19-31.log
	File skipped: file is not a .csv.


Reading directory file [13]: [log] 2018-02-19 19-38.log
	File skipped: file is not a .csv.


Reading directory file [14]: [log] 2018-02-19 21-42.log
	File skipped: file is not a .csv.


Reading directory file [15]: [log] 2018-02-19 21-44.log
	File skipped: file is not a .csv.


Reading directory file [16]: [log] 2018-02-19 22-07.log
	File skipped: file is not a .csv.


Reading directory file [17]: [log] 2018-02-19 22-10.log
	File skipped: file is not a .csv.


Reading directory file [18]: [log] 2018-02-19 22-22.log
	File skipped: file is not a .csv.


Reading directory file [19]: [log] 2018-02-19 22-26.log
	File skipped: file is not a .csv.


Reading directory file [20]: [log] 2018-02-19 22-30.log
	File skipped: file is not a .csv.


Reading directory file [21]: [log] 2018-02-19 22-34.log
	File skipped: file is not a .csv.


Reading directory file [22]: [log] 2018-02-19 22-38.log
	File skipped: file is not a .csv.


Reading directory file [23]: [log] 2018-02-19 22-45.log
	File skipped: file is not a .csv.


Reading directory file [24]: [log] 2018-02-19 22-49.log
	File skipped: file is not a .csv.


Reading directory file [25]: [log] 2018-02-19 22-51.log
	File skipped: file is not a .csv.


Reading directory file [26]: [log] 2018-02-19 22-53.log
	File skipped: file is not a .csv.


Reading directory file [27]: [log] 2018-02-19 22-54.log
	File skipped: file is not a .csv.


Reading directory file [28]: [log] 2018-02-19 22-55.log
	File skipped: file is not a .csv.


Reading directory file [29]: [log] 2018-02-19 22-56.log
	File skipped: file is not a .csv.


Reading directory file [30]: [log] 2018-02-19 22-58.log
	File skipped: file is not a .csv.


Reading directory file [31]: [log] 2018-02-19 23-03.log
	File skipped: file is not a .csv.


Reading directory file [32]: [log] 2018-02-19 23-04.log
	File skipped: file is not a .csv.


Reading directory file [33]: [output] 2018-02-19 19-31.csv
	Found a .csv file!
	File skipped: file is probably not a raw data file.


Reading directory file [34]: [output] 2018-02-19 19-38.csv
	Found a .csv file!
	File skipped: file is probably not a raw data file.


Reading directory file [35]: [output] 2018-02-19 21-42.csv
	Found a .csv file!
	File skipped: file is probably not a raw data file.


Reading directory file [36]: [output] 2018-02-19 21-44.csv
	Found a .csv file!
	File skipped: file is probably not a raw data file.


Reading directory file [37]: [output] 2018-02-19 22-07.csv
	Found a .csv file!
	File skipped: file is probably not a raw data file.


Reading directory file [38]: [output] 2018-02-19 22-10.csv
	Found a .csv file!
	File skipped: file is probably not a raw data file.


Reading directory file [39]: [output] 2018-02-19 22-22.csv
	Found a .csv file!
	File skipped: file is probably not a raw data file.


Reading directory file [40]: [output] 2018-02-19 22-26.csv
	Found a .csv file!
	File skipped: file is probably not a raw data file.


Reading directory file [41]: [output] 2018-02-19 22-30.csv
	Found a .csv file!
	File skipped: file is probably not a raw data file.


Reading directory file [42]: [output] 2018-02-19 22-34.csv
	Found a .csv file!
	File skipped: file is probably not a raw data file.


Reading directory file [43]: [output] 2018-02-19 22-38.csv
	Found a .csv file!
	File skipped: file is probably not a raw data file.


Reading directory file [44]: [output] 2018-02-19 22-45.csv
	Found a .csv file!
	File skipped: file is probably not a raw data file.


Reading directory file [45]: [output] 2018-02-19 22-49.csv
	Found a .csv file!
	File skipped: file is probably not a raw data file.


Reading directory file [46]: [output] 2018-02-19 22-51.csv
	Found a .csv file!
	File skipped: file is probably not a raw data file.


Reading directory file [47]: [output] 2018-02-19 22-53.csv
	Found a .csv file!
	File skipped: file is probably not a raw data file.


Reading directory file [48]: [output] 2018-02-19 22-54.csv
	Found a .csv file!
	File skipped: file is probably not a raw data file.


Reading directory file [49]: [output] 2018-02-19 22-55.csv
	Found a .csv file!
	File skipped: file is probably not a raw data file.


Reading directory file [50]: [output] 2018-02-19 22-56.csv
	Found a .csv file!
	File skipped: file is probably not a raw data file.


Reading directory file [51]: [output] 2018-02-19 22-58.csv
	Found a .csv file!
	File skipped: file is probably not a raw data file.


Reading directory file [52]: [output] 2018-02-19 23-03.csv
	Found a .csv file!
	File skipped: file is probably not a raw data file.


Reading directory file [53]: [output] 2018-02-19 23-04.csv
	Found a .csv file!
	File skipped: file is probably not a raw data file.


Note: the following files were not processed:
build
build.xml
dist
log.log
nbproject
psymrt_3005_distr_20180122_2032.csv
psymrt_3006_distr_usethisone_20180122_1904.csv
src
test
[log] 2018-02-19 19-31.log
[log] 2018-02-19 19-38.log
[log] 2018-02-19 21-42.log
[log] 2018-02-19 21-44.log
[log] 2018-02-19 22-07.log
[log] 2018-02-19 22-10.log
[log] 2018-02-19 22-22.log
[log] 2018-02-19 22-26.log
[log] 2018-02-19 22-30.log
[log] 2018-02-19 22-34.log
[log] 2018-02-19 22-38.log
[log] 2018-02-19 22-45.log
[log] 2018-02-19 22-49.log
[log] 2018-02-19 22-51.log
[log] 2018-02-19 22-53.log
[log] 2018-02-19 22-54.log
[log] 2018-02-19 22-55.log
[log] 2018-02-19 22-56.log
[log] 2018-02-19 22-58.log
[log] 2018-02-19 23-03.log
[log] 2018-02-19 23-04.log
[output] 2018-02-19 19-31.csv
[output] 2018-02-19 19-38.csv
[output] 2018-02-19 21-42.csv
[output] 2018-02-19 21-44.csv
[output] 2018-02-19 22-07.csv
[output] 2018-02-19 22-10.csv
[output] 2018-02-19 22-22.csv
[output] 2018-02-19 22-26.csv
[output] 2018-02-19 22-30.csv
[output] 2018-02-19 22-34.csv
[output] 2018-02-19 22-38.csv
[output] 2018-02-19 22-45.csv
[output] 2018-02-19 22-49.csv
[output] 2018-02-19 22-51.csv
[output] 2018-02-19 22-53.csv
[output] 2018-02-19 22-54.csv
[output] 2018-02-19 22-55.csv
[output] 2018-02-19 22-56.csv
[output] 2018-02-19 22-58.csv
[output] 2018-02-19 23-03.csv
[output] 2018-02-19 23-04.csv


****PREPARING OUTPUT FILE****
File,Participant,Hits,Misses,CorrectRejections,FalseAlarms,Sensitivity,FalseErrorRate,d',%Accuracy,Average RT
psymrt_3005_20180122_2017.csv,3005,0,6,76,17,0.07692307692307693,0.1827956989247312,3.866769062778773,0.7676767676767676,1071.2727272727273
psymrt_3006_20180122_1843.csv,3006,1,8,78,12,0.1111111111111111,0.13333333333333333,6.520555002380323,0.797979797979798,1509.2631578947369


****PREPARING LOG FILE [Time elapsed: 409 ms]****
Done!
