************INITIALIZING************
Opening directory: E:\Users\nextjuanplz\Dropbox\School\University of Central Florida\Clubs & Labs\TRG\Driving\Tone Monitoring Task\ToneMonitoringScorer\src\tonemonitoringscorer

Reading directory file [1]: log.log
	File skipped: file is not a .csv.


Reading directory file [2]: psymrt_3005_20180122_2017.csv
	Found a .csv file!
		[Hits: 0] [Misses: 6] [Correct Rejections: 76] [False Alarms: 17]
		[Sensitivity: 0.07692307692307693] [Specificity: 0.8172043010752689]
		[Accuracy: 0.7676767676767676] [d':  -2.3308390378952026] [RT: 1071.2727272727273]
	Success! [31 ms]


Reading directory file [3]: psymrt_3005_20180122_2017.csv(1).xlsx
	File skipped: file is not a .csv.


Reading directory file [4]: psymrt_3005_20180122_2017.csv.xlsx
	File skipped: file is not a .csv.


Reading directory file [5]: psymrt_3005_distr_20180122_2032.csv
	Found a .csv file!
	Error: File was corrupted at line 34.


Reading directory file [6]: psymrt_3006_20180122_1843.csv
	Found a .csv file!
		[Hits: 1] [Misses: 8] [Correct Rejections: 78] [False Alarms: 12]
		[Sensitivity: 0.1111111111111111] [Specificity: 0.8666666666666667]
		[Accuracy: 0.797979797979798] [d':  -2.3314119651913643] [RT: 1509.2631578947369]
	Success! [0 ms]


Reading directory file [7]: psymrt_3006_20180122_1843.csv.xlsx
	File skipped: file is not a .csv.


Reading directory file [8]: psymrt_3006_distr_usethisone_20180122_1904.csv
	Found a .csv file!
	Error: File was corrupted at line 38.


Reading directory file [9]: tonemonitoringscorer$outputlog.class
	File skipped: file is not a .csv.


Reading directory file [10]: tonemonitoringscorer$processeddata.class
	File skipped: file is not a .csv.


Reading directory file [11]: tonemonitoringscorer.class
	File skipped: file is not a .csv.


Reading directory file [12]: tonemonitoringscorer.java
	File skipped: file is not a .csv.


Reading directory file [13]: [log] 2018-02-19 15-48.log
	File skipped: file is not a .csv.


Reading directory file [14]: [log] 2018-02-19 15-51.log
	File skipped: file is not a .csv.


Reading directory file [15]: [log] 2018-02-19 15-55.log
	File skipped: file is not a .csv.


Reading directory file [16]: [log] 2018-02-19 15-56.log
	File skipped: file is not a .csv.


Reading directory file [17]: [log] 2018-02-19 15-57.log
	File skipped: file is not a .csv.


Reading directory file [18]: [log] 2018-02-19 15-58.log
	File skipped: file is not a .csv.


Reading directory file [19]: [log] 2018-02-19 15-59.log
	File skipped: file is not a .csv.


Reading directory file [20]: [output] 2018-02-19 15-48.csv
	Found a .csv file!
	File skipped: file is probably not a raw data file.


Reading directory file [21]: [output] 2018-02-19 15-51.csv
	Found a .csv file!
	File skipped: file is probably not a raw data file.


Reading directory file [22]: [output] 2018-02-19 15-55.csv
	Found a .csv file!
	File skipped: file is probably not a raw data file.


Reading directory file [23]: [output] 2018-02-19 15-56.csv
	Found a .csv file!
	File skipped: file is probably not a raw data file.


Reading directory file [24]: [output] 2018-02-19 15-57.csv
	Found a .csv file!
	File skipped: file is probably not a raw data file.


Reading directory file [25]: [output] 2018-02-19 15-58.csv
	Found a .csv file!
	File skipped: file is probably not a raw data file.


Reading directory file [26]: [output] 2018-02-19 15-59.csv
	Found a .csv file!
	File skipped: file is probably not a raw data file.


Reading directory file [27]: ~$psymrt_3005_20180122_2017.csv.xlsx
	File skipped: file is not a .csv.


Note: the following files were not processed:
log.log
psymrt_3005_20180122_2017.csv(1).xlsx
psymrt_3005_20180122_2017.csv.xlsx
psymrt_3005_distr_20180122_2032.csv
psymrt_3006_20180122_1843.csv.xlsx
psymrt_3006_distr_usethisone_20180122_1904.csv
tonemonitoringscorer$outputlog.class
tonemonitoringscorer$processeddata.class
tonemonitoringscorer.class
tonemonitoringscorer.java
[log] 2018-02-19 15-48.log
[log] 2018-02-19 15-51.log
[log] 2018-02-19 15-55.log
[log] 2018-02-19 15-56.log
[log] 2018-02-19 15-57.log
[log] 2018-02-19 15-58.log
[log] 2018-02-19 15-59.log
[output] 2018-02-19 15-48.csv
[output] 2018-02-19 15-51.csv
[output] 2018-02-19 15-55.csv
[output] 2018-02-19 15-56.csv
[output] 2018-02-19 15-57.csv
[output] 2018-02-19 15-58.csv
[output] 2018-02-19 15-59.csv
~$psymrt_3005_20180122_2017.csv.xlsx


****PREPARING OUTPUT FILE****
File,Participant,d',% accuracy,Average RT
psymrt_3005_20180122_2017.csv,3005,-2.3308390378952026,0.7676767676767676,1071.2727272727273
psymrt_3006_20180122_1843.csv,3006,-2.3314119651913643,0.797979797979798,1509.2631578947369


****PREPARING LOG FILE [Time elapsed: 83 ms]****
Done!
